{"C:\\Users\\vallo\\Documents\\repos\\final-project\\server\\knexfile.js": {"path":"C:\\Users\\vallo\\Documents\\repos\\final-project\\server\\knexfile.js","statementMap":{"0":{"start":{"line":2,"column":0},"end":{"line":18,"column":4}}},"fnMap":{},"branchMap":{},"s":{"0":1},"f":{},"b":{},"_coverageSchema":"1a1c01bbd47fc00a2c39e90264f33305004495a9","hash":"578a65e9d11e92b171ad4fd128edc50cd4d54d04"}
,"C:\\Users\\vallo\\Documents\\repos\\final-project\\server\\db\\knex.js": {"path":"C:\\Users\\vallo\\Documents\\repos\\final-project\\server\\db\\knex.js","statementMap":{"0":{"start":{"line":1,"column":15},"end":{"line":1,"column":37}},"1":{"start":{"line":2,"column":15},"end":{"line":2,"column":50}},"2":{"start":{"line":3,"column":0},"end":{"line":3,"column":22}}},"fnMap":{},"branchMap":{},"s":{"0":1,"1":1,"2":1},"f":{},"b":{},"_coverageSchema":"1a1c01bbd47fc00a2c39e90264f33305004495a9","hash":"dc42c608316e1c579cf7191aa3f96bc71fa7fc1e"}
,"C:\\Users\\vallo\\Documents\\repos\\final-project\\server\\middleware\\auth.js": {"path":"C:\\Users\\vallo\\Documents\\repos\\final-project\\server\\middleware\\auth.js","statementMap":{"0":{"start":{"line":1,"column":0},"end":{"line":1,"column":27}},"1":{"start":{"line":2,"column":12},"end":{"line":2,"column":35}},"2":{"start":{"line":3,"column":19},"end":{"line":3,"column":67}},"3":{"start":{"line":5,"column":0},"end":{"line":23,"column":2}},"4":{"start":{"line":6,"column":21},"end":{"line":6,"column":46}},"5":{"start":{"line":7,"column":2},"end":{"line":9,"column":3}},"6":{"start":{"line":8,"column":4},"end":{"line":8,"column":70}},"7":{"start":{"line":11,"column":16},"end":{"line":11,"column":40}},"8":{"start":{"line":12,"column":2},"end":{"line":22,"column":3}},"9":{"start":{"line":13,"column":20},"end":{"line":13,"column":49}},"10":{"start":{"line":15,"column":4},"end":{"line":15,"column":24}},"11":{"start":{"line":16,"column":4},"end":{"line":16,"column":28}},"12":{"start":{"line":18,"column":4},"end":{"line":18,"column":11}},"13":{"start":{"line":20,"column":4},"end":{"line":20,"column":46}},"14":{"start":{"line":21,"column":4},"end":{"line":21,"column":60}}},"fnMap":{"0":{"name":"(anonymous_0)","decl":{"start":{"line":5,"column":17},"end":{"line":5,"column":18}},"loc":{"start":{"line":5,"column":37},"end":{"line":23,"column":1}},"line":5}},"branchMap":{"0":{"loc":{"start":{"line":3,"column":19},"end":{"line":3,"column":67}},"type":"binary-expr","locations":[{"start":{"line":3,"column":19},"end":{"line":3,"column":41}},{"start":{"line":3,"column":45},"end":{"line":3,"column":67}}],"line":3},"1":{"loc":{"start":{"line":7,"column":2},"end":{"line":9,"column":3}},"type":"if","locations":[{"start":{"line":7,"column":2},"end":{"line":9,"column":3}},{"start":{},"end":{}}],"line":7},"2":{"loc":{"start":{"line":7,"column":6},"end":{"line":7,"column":54}},"type":"binary-expr","locations":[{"start":{"line":7,"column":6},"end":{"line":7,"column":17}},{"start":{"line":7,"column":21},"end":{"line":7,"column":54}}],"line":7}},"s":{"0":1,"1":1,"2":1,"3":1,"4":28,"5":28,"6":3,"7":25,"8":25,"9":25,"10":24,"11":24,"12":24,"13":1,"14":1},"f":{"0":28},"b":{"0":[1,0],"1":[3,25],"2":[28,25]},"_coverageSchema":"1a1c01bbd47fc00a2c39e90264f33305004495a9","hash":"12c0b7c9382348d7079aa790ed94487bb9ea5e1a"}
,"C:\\Users\\vallo\\Documents\\repos\\final-project\\server\\routes\\auth.js": {"path":"C:\\Users\\vallo\\Documents\\repos\\final-project\\server\\routes\\auth.js","statementMap":{"0":{"start":{"line":1,"column":0},"end":{"line":1,"column":27}},"1":{"start":{"line":2,"column":16},"end":{"line":2,"column":34}},"2":{"start":{"line":3,"column":16},"end":{"line":3,"column":32}},"3":{"start":{"line":4,"column":16},"end":{"line":4,"column":39}},"4":{"start":{"line":5,"column":16},"end":{"line":5,"column":33}},"5":{"start":{"line":6,"column":16},"end":{"line":6,"column":37}},"6":{"start":{"line":7,"column":23},"end":{"line":7,"column":52}},"7":{"start":{"line":9,"column":19},"end":{"line":9,"column":67}},"8":{"start":{"line":12,"column":0},"end":{"line":42,"column":3}},"9":{"start":{"line":13,"column":2},"end":{"line":13,"column":44}},"10":{"start":{"line":14,"column":45},"end":{"line":14,"column":53}},"11":{"start":{"line":16,"column":2},"end":{"line":18,"column":3}},"12":{"start":{"line":17,"column":4},"end":{"line":17,"column":70}},"13":{"start":{"line":19,"column":2},"end":{"line":21,"column":3}},"14":{"start":{"line":20,"column":4},"end":{"line":20,"column":90}},"15":{"start":{"line":23,"column":2},"end":{"line":41,"column":3}},"16":{"start":{"line":24,"column":21},"end":{"line":24,"column":63}},"17":{"start":{"line":25,"column":4},"end":{"line":27,"column":5}},"18":{"start":{"line":26,"column":6},"end":{"line":26,"column":73}},"19":{"start":{"line":29,"column":17},"end":{"line":29,"column":48}},"20":{"start":{"line":30,"column":25},"end":{"line":35,"column":6}},"21":{"start":{"line":37,"column":4},"end":{"line":37,"column":59}},"22":{"start":{"line":39,"column":4},"end":{"line":39,"column":43}},"23":{"start":{"line":40,"column":4},"end":{"line":40,"column":59}},"24":{"start":{"line":45,"column":0},"end":{"line":83,"column":3}},"25":{"start":{"line":46,"column":2},"end":{"line":46,"column":41}},"26":{"start":{"line":47,"column":30},"end":{"line":47,"column":38}},"27":{"start":{"line":49,"column":2},"end":{"line":51,"column":3}},"28":{"start":{"line":50,"column":4},"end":{"line":50,"column":72}},"29":{"start":{"line":53,"column":2},"end":{"line":82,"column":3}},"30":{"start":{"line":54,"column":17},"end":{"line":60,"column":14}},"31":{"start":{"line":62,"column":4},"end":{"line":62,"column":47}},"32":{"start":{"line":63,"column":4},"end":{"line":65,"column":5}},"33":{"start":{"line":64,"column":6},"end":{"line":64,"column":68}},"34":{"start":{"line":67,"column":18},"end":{"line":67,"column":63}},"35":{"start":{"line":68,"column":4},"end":{"line":70,"column":5}},"36":{"start":{"line":69,"column":6},"end":{"line":69,"column":68}},"37":{"start":{"line":72,"column":18},"end":{"line":76,"column":5}},"38":{"start":{"line":78,"column":4},"end":{"line":78,"column":31}},"39":{"start":{"line":80,"column":4},"end":{"line":80,"column":40}},"40":{"start":{"line":81,"column":4},"end":{"line":81,"column":59}},"41":{"start":{"line":86,"column":0},"end":{"line":93,"column":2}},"42":{"start":{"line":90,"column":34},"end":{"line":90,"column":42}},"43":{"start":{"line":91,"column":4},"end":{"line":91,"column":36}},"44":{"start":{"line":95,"column":0},"end":{"line":95,"column":24}}},"fnMap":{"0":{"name":"(anonymous_0)","decl":{"start":{"line":12,"column":25},"end":{"line":12,"column":26}},"loc":{"start":{"line":12,"column":45},"end":{"line":42,"column":1}},"line":12},"1":{"name":"(anonymous_1)","decl":{"start":{"line":45,"column":22},"end":{"line":45,"column":23}},"loc":{"start":{"line":45,"column":42},"end":{"line":83,"column":1}},"line":45},"2":{"name":"(anonymous_2)","decl":{"start":{"line":89,"column":2},"end":{"line":89,"column":3}},"loc":{"start":{"line":89,"column":16},"end":{"line":92,"column":3}},"line":89}},"branchMap":{"0":{"loc":{"start":{"line":9,"column":19},"end":{"line":9,"column":67}},"type":"binary-expr","locations":[{"start":{"line":9,"column":19},"end":{"line":9,"column":41}},{"start":{"line":9,"column":45},"end":{"line":9,"column":67}}],"line":9},"1":{"loc":{"start":{"line":16,"column":2},"end":{"line":18,"column":3}},"type":"if","locations":[{"start":{"line":16,"column":2},"end":{"line":18,"column":3}},{"start":{},"end":{}}],"line":16},"2":{"loc":{"start":{"line":16,"column":6},"end":{"line":16,"column":46}},"type":"binary-expr","locations":[{"start":{"line":16,"column":6},"end":{"line":16,"column":11}},{"start":{"line":16,"column":15},"end":{"line":16,"column":23}},{"start":{"line":16,"column":27},"end":{"line":16,"column":33}},{"start":{"line":16,"column":37},"end":{"line":16,"column":46}}],"line":16},"3":{"loc":{"start":{"line":19,"column":2},"end":{"line":21,"column":3}},"type":"if","locations":[{"start":{"line":19,"column":2},"end":{"line":21,"column":3}},{"start":{},"end":{}}],"line":19},"4":{"loc":{"start":{"line":19,"column":6},"end":{"line":19,"column":49}},"type":"binary-expr","locations":[{"start":{"line":19,"column":6},"end":{"line":19,"column":25}},{"start":{"line":19,"column":29},"end":{"line":19,"column":49}}],"line":19},"5":{"loc":{"start":{"line":25,"column":4},"end":{"line":27,"column":5}},"type":"if","locations":[{"start":{"line":25,"column":4},"end":{"line":27,"column":5}},{"start":{},"end":{}}],"line":25},"6":{"loc":{"start":{"line":49,"column":2},"end":{"line":51,"column":3}},"type":"if","locations":[{"start":{"line":49,"column":2},"end":{"line":51,"column":3}},{"start":{},"end":{}}],"line":49},"7":{"loc":{"start":{"line":49,"column":6},"end":{"line":49,"column":25}},"type":"binary-expr","locations":[{"start":{"line":49,"column":6},"end":{"line":49,"column":12}},{"start":{"line":49,"column":16},"end":{"line":49,"column":25}}],"line":49},"8":{"loc":{"start":{"line":63,"column":4},"end":{"line":65,"column":5}},"type":"if","locations":[{"start":{"line":63,"column":4},"end":{"line":65,"column":5}},{"start":{},"end":{}}],"line":63},"9":{"loc":{"start":{"line":68,"column":4},"end":{"line":70,"column":5}},"type":"if","locations":[{"start":{"line":68,"column":4},"end":{"line":70,"column":5}},{"start":{},"end":{}}],"line":68}},"s":{"0":1,"1":1,"2":1,"3":1,"4":1,"5":1,"6":1,"7":1,"8":1,"9":3,"10":3,"11":3,"12":0,"13":3,"14":1,"15":2,"16":2,"17":2,"18":1,"19":1,"20":1,"21":1,"22":0,"23":0,"24":1,"25":3,"26":3,"27":3,"28":0,"29":3,"30":3,"31":3,"32":3,"33":1,"34":2,"35":2,"36":1,"37":1,"38":1,"39":0,"40":0,"41":1,"42":3,"43":3,"44":1},"f":{"0":3,"1":3,"2":3},"b":{"0":[1,0],"1":[0,3],"2":[3,3,3,3],"3":[1,2],"4":[3,2],"5":[1,1],"6":[0,3],"7":[3,3],"8":[1,2],"9":[1,1]},"_coverageSchema":"1a1c01bbd47fc00a2c39e90264f33305004495a9","hash":"b9277cca32428e45ac5bc8bff94fe7b9b6db70a0"}
,"C:\\Users\\vallo\\Documents\\repos\\final-project\\server\\routes\\progress.js": {"path":"C:\\Users\\vallo\\Documents\\repos\\final-project\\server\\routes\\progress.js","statementMap":{"0":{"start":{"line":1,"column":16},"end":{"line":1,"column":34}},"1":{"start":{"line":2,"column":15},"end":{"line":2,"column":31}},"2":{"start":{"line":3,"column":13},"end":{"line":3,"column":34}},"3":{"start":{"line":4,"column":23},"end":{"line":4,"column":52}},"4":{"start":{"line":7,"column":0},"end":{"line":112,"column":3}},"5":{"start":{"line":8,"column":17},"end":{"line":8,"column":28}},"6":{"start":{"line":9,"column":48},"end":{"line":9,"column":56}},"7":{"start":{"line":12,"column":2},"end":{"line":18,"column":3}},"8":{"start":{"line":17,"column":4},"end":{"line":17,"column":68}},"9":{"start":{"line":20,"column":2},"end":{"line":111,"column":3}},"10":{"start":{"line":21,"column":4},"end":{"line":27,"column":7}},"11":{"start":{"line":30,"column":21},"end":{"line":32,"column":35}},"12":{"start":{"line":34,"column":29},"end":{"line":36,"column":23}},"13":{"start":{"line":37,"column":19},"end":{"line":37,"column":44}},"14":{"start":{"line":39,"column":21},"end":{"line":39,"column":64}},"15":{"start":{"line":40,"column":20},"end":{"line":40,"column":70}},"16":{"start":{"line":40,"column":57},"end":{"line":40,"column":68}},"17":{"start":{"line":42,"column":21},"end":{"line":42,"column":23}},"18":{"start":{"line":44,"column":4},"end":{"line":53,"column":5}},"19":{"start":{"line":44,"column":17},"end":{"line":44,"column":18}},"20":{"start":{"line":45,"column":19},"end":{"line":45,"column":37}},"21":{"start":{"line":46,"column":18},"end":{"line":46,"column":51}},"22":{"start":{"line":46,"column":37},"end":{"line":46,"column":50}},"23":{"start":{"line":47,"column":6},"end":{"line":52,"column":7}},"24":{"start":{"line":48,"column":8},"end":{"line":51,"column":11}},"25":{"start":{"line":55,"column":17},"end":{"line":55,"column":80}},"26":{"start":{"line":55,"column":36},"end":{"line":55,"column":79}},"27":{"start":{"line":56,"column":4},"end":{"line":61,"column":5}},"28":{"start":{"line":57,"column":6},"end":{"line":60,"column":9}},"29":{"start":{"line":63,"column":19},"end":{"line":65,"column":5}},"30":{"start":{"line":64,"column":16},"end":{"line":64,"column":67}},"31":{"start":{"line":66,"column":4},"end":{"line":76,"column":5}},"32":{"start":{"line":66,"column":17},"end":{"line":66,"column":18}},"33":{"start":{"line":67,"column":27},"end":{"line":67,"column":68}},"34":{"start":{"line":68,"column":23},"end":{"line":68,"column":94}},"35":{"start":{"line":69,"column":6},"end":{"line":75,"column":7}},"36":{"start":{"line":70,"column":8},"end":{"line":73,"column":11}},"37":{"start":{"line":74,"column":8},"end":{"line":74,"column":14}},"38":{"start":{"line":78,"column":4},"end":{"line":83,"column":5}},"39":{"start":{"line":79,"column":6},"end":{"line":82,"column":9}},"40":{"start":{"line":85,"column":25},"end":{"line":85,"column":54}},"41":{"start":{"line":86,"column":4},"end":{"line":96,"column":5}},"42":{"start":{"line":92,"column":6},"end":{"line":95,"column":9}},"43":{"start":{"line":98,"column":4},"end":{"line":105,"column":5}},"44":{"start":{"line":99,"column":6},"end":{"line":104,"column":8}},"45":{"start":{"line":100,"column":31},"end":{"line":103,"column":9}},"46":{"start":{"line":107,"column":4},"end":{"line":107,"column":31}},"47":{"start":{"line":109,"column":4},"end":{"line":109,"column":49}},"48":{"start":{"line":110,"column":4},"end":{"line":110,"column":71}},"49":{"start":{"line":115,"column":0},"end":{"line":125,"column":3}},"50":{"start":{"line":116,"column":2},"end":{"line":124,"column":3}},"51":{"start":{"line":117,"column":17},"end":{"line":119,"column":38}},"52":{"start":{"line":120,"column":4},"end":{"line":120,"column":19}},"53":{"start":{"line":122,"column":4},"end":{"line":122,"column":51}},"54":{"start":{"line":123,"column":4},"end":{"line":123,"column":65}},"55":{"start":{"line":128,"column":0},"end":{"line":159,"column":3}},"56":{"start":{"line":129,"column":2},"end":{"line":158,"column":3}},"57":{"start":{"line":130,"column":4},"end":{"line":135,"column":7}},"58":{"start":{"line":137,"column":17},"end":{"line":152,"column":54}},"59":{"start":{"line":154,"column":4},"end":{"line":154,"column":19}},"60":{"start":{"line":156,"column":4},"end":{"line":156,"column":55}},"61":{"start":{"line":157,"column":4},"end":{"line":157,"column":69}},"62":{"start":{"line":162,"column":0},"end":{"line":187,"column":3}},"63":{"start":{"line":163,"column":18},"end":{"line":163,"column":26}},"64":{"start":{"line":164,"column":2},"end":{"line":164,"column":82}},"65":{"start":{"line":164,"column":12},"end":{"line":164,"column":82}},"66":{"start":{"line":166,"column":2},"end":{"line":186,"column":3}},"67":{"start":{"line":167,"column":17},"end":{"line":167,"column":77}},"68":{"start":{"line":168,"column":4},"end":{"line":168,"column":84}},"69":{"start":{"line":168,"column":15},"end":{"line":168,"column":84}},"70":{"start":{"line":170,"column":21},"end":{"line":172,"column":14}},"71":{"start":{"line":174,"column":4},"end":{"line":180,"column":5}},"72":{"start":{"line":175,"column":6},"end":{"line":179,"column":9}},"73":{"start":{"line":182,"column":4},"end":{"line":182,"column":24}},"74":{"start":{"line":184,"column":4},"end":{"line":184,"column":55}},"75":{"start":{"line":185,"column":4},"end":{"line":185,"column":52}},"76":{"start":{"line":189,"column":0},"end":{"line":189,"column":24}}},"fnMap":{"0":{"name":"(anonymous_0)","decl":{"start":{"line":7,"column":33},"end":{"line":7,"column":34}},"loc":{"start":{"line":7,"column":53},"end":{"line":112,"column":1}},"line":7},"1":{"name":"(anonymous_1)","decl":{"start":{"line":40,"column":52},"end":{"line":40,"column":53}},"loc":{"start":{"line":40,"column":57},"end":{"line":40,"column":68}},"line":40},"2":{"name":"(anonymous_2)","decl":{"start":{"line":46,"column":32},"end":{"line":46,"column":33}},"loc":{"start":{"line":46,"column":37},"end":{"line":46,"column":50}},"line":46},"3":{"name":"(anonymous_3)","decl":{"start":{"line":55,"column":31},"end":{"line":55,"column":32}},"loc":{"start":{"line":55,"column":36},"end":{"line":55,"column":79}},"line":55},"4":{"name":"(anonymous_4)","decl":{"start":{"line":64,"column":6},"end":{"line":64,"column":7}},"loc":{"start":{"line":64,"column":16},"end":{"line":64,"column":67}},"line":64},"5":{"name":"(anonymous_5)","decl":{"start":{"line":100,"column":21},"end":{"line":100,"column":22}},"loc":{"start":{"line":100,"column":31},"end":{"line":103,"column":9}},"line":100},"6":{"name":"(anonymous_6)","decl":{"start":{"line":115,"column":32},"end":{"line":115,"column":33}},"loc":{"start":{"line":115,"column":52},"end":{"line":125,"column":1}},"line":115},"7":{"name":"(anonymous_7)","decl":{"start":{"line":128,"column":44},"end":{"line":128,"column":45}},"loc":{"start":{"line":128,"column":64},"end":{"line":159,"column":1}},"line":128},"8":{"name":"(anonymous_8)","decl":{"start":{"line":162,"column":52},"end":{"line":162,"column":53}},"loc":{"start":{"line":162,"column":72},"end":{"line":187,"column":1}},"line":162}},"branchMap":{"0":{"loc":{"start":{"line":12,"column":2},"end":{"line":18,"column":3}},"type":"if","locations":[{"start":{"line":12,"column":2},"end":{"line":18,"column":3}},{"start":{},"end":{}}],"line":12},"1":{"loc":{"start":{"line":13,"column":4},"end":{"line":15,"column":83}},"type":"binary-expr","locations":[{"start":{"line":13,"column":4},"end":{"line":13,"column":29}},{"start":{"line":13,"column":33},"end":{"line":13,"column":42}},{"start":{"line":13,"column":46},"end":{"line":13,"column":55}},{"start":{"line":14,"column":4},"end":{"line":14,"column":34}},{"start":{"line":14,"column":38},"end":{"line":14,"column":52}},{"start":{"line":15,"column":4},"end":{"line":15,"column":38}},{"start":{"line":15,"column":42},"end":{"line":15,"column":60}},{"start":{"line":15,"column":64},"end":{"line":15,"column":83}}],"line":13},"2":{"loc":{"start":{"line":47,"column":6},"end":{"line":52,"column":7}},"type":"if","locations":[{"start":{"line":47,"column":6},"end":{"line":52,"column":7}},{"start":{},"end":{}}],"line":47},"3":{"loc":{"start":{"line":47,"column":10},"end":{"line":47,"column":63}},"type":"binary-expr","locations":[{"start":{"line":47,"column":10},"end":{"line":47,"column":13}},{"start":{"line":47,"column":17},"end":{"line":47,"column":30}},{"start":{"line":47,"column":34},"end":{"line":47,"column":63}}],"line":47},"4":{"loc":{"start":{"line":55,"column":36},"end":{"line":55,"column":79}},"type":"binary-expr","locations":[{"start":{"line":55,"column":36},"end":{"line":55,"column":57}},{"start":{"line":55,"column":61},"end":{"line":55,"column":79}}],"line":55},"5":{"loc":{"start":{"line":56,"column":4},"end":{"line":61,"column":5}},"type":"if","locations":[{"start":{"line":56,"column":4},"end":{"line":61,"column":5}},{"start":{},"end":{}}],"line":56},"6":{"loc":{"start":{"line":56,"column":8},"end":{"line":56,"column":82}},"type":"binary-expr","locations":[{"start":{"line":56,"column":8},"end":{"line":56,"column":12}},{"start":{"line":56,"column":16},"end":{"line":56,"column":39}},{"start":{"line":56,"column":43},"end":{"line":56,"column":82}}],"line":56},"7":{"loc":{"start":{"line":68,"column":23},"end":{"line":68,"column":94}},"type":"binary-expr","locations":[{"start":{"line":68,"column":23},"end":{"line":68,"column":44}},{"start":{"line":68,"column":48},"end":{"line":68,"column":69}},{"start":{"line":68,"column":73},"end":{"line":68,"column":94}}],"line":68},"8":{"loc":{"start":{"line":69,"column":6},"end":{"line":75,"column":7}},"type":"if","locations":[{"start":{"line":69,"column":6},"end":{"line":75,"column":7}},{"start":{},"end":{}}],"line":69},"9":{"loc":{"start":{"line":69,"column":10},"end":{"line":69,"column":98}},"type":"binary-expr","locations":[{"start":{"line":69,"column":10},"end":{"line":69,"column":18}},{"start":{"line":69,"column":22},"end":{"line":69,"column":50}},{"start":{"line":69,"column":54},"end":{"line":69,"column":98}}],"line":69},"10":{"loc":{"start":{"line":78,"column":4},"end":{"line":83,"column":5}},"type":"if","locations":[{"start":{"line":78,"column":4},"end":{"line":83,"column":5}},{"start":{},"end":{}}],"line":78},"11":{"loc":{"start":{"line":78,"column":8},"end":{"line":78,"column":123}},"type":"binary-expr","locations":[{"start":{"line":78,"column":8},"end":{"line":78,"column":30}},{"start":{"line":78,"column":34},"end":{"line":78,"column":53}},{"start":{"line":78,"column":57},"end":{"line":78,"column":80}},{"start":{"line":78,"column":84},"end":{"line":78,"column":123}}],"line":78},"12":{"loc":{"start":{"line":86,"column":4},"end":{"line":96,"column":5}},"type":"if","locations":[{"start":{"line":86,"column":4},"end":{"line":96,"column":5}},{"start":{},"end":{}}],"line":86},"13":{"loc":{"start":{"line":87,"column":6},"end":{"line":90,"column":42}},"type":"binary-expr","locations":[{"start":{"line":87,"column":6},"end":{"line":87,"column":38}},{"start":{"line":88,"column":6},"end":{"line":88,"column":35}},{"start":{"line":89,"column":6},"end":{"line":89,"column":26}},{"start":{"line":90,"column":6},"end":{"line":90,"column":42}}],"line":87},"14":{"loc":{"start":{"line":98,"column":4},"end":{"line":105,"column":5}},"type":"if","locations":[{"start":{"line":98,"column":4},"end":{"line":105,"column":5}},{"start":{},"end":{}}],"line":98},"15":{"loc":{"start":{"line":164,"column":2},"end":{"line":164,"column":82}},"type":"if","locations":[{"start":{"line":164,"column":2},"end":{"line":164,"column":82}},{"start":{},"end":{}}],"line":164},"16":{"loc":{"start":{"line":168,"column":4},"end":{"line":168,"column":84}},"type":"if","locations":[{"start":{"line":168,"column":4},"end":{"line":168,"column":84}},{"start":{},"end":{}}],"line":168},"17":{"loc":{"start":{"line":174,"column":4},"end":{"line":180,"column":5}},"type":"if","locations":[{"start":{"line":174,"column":4},"end":{"line":180,"column":5}},{"start":{},"end":{}}],"line":174}},"s":{"0":1,"1":1,"2":1,"3":1,"4":1,"5":15,"6":15,"7":15,"8":5,"9":10,"10":10,"11":10,"12":10,"13":10,"14":10,"15":10,"16":100,"17":10,"18":10,"19":10,"20":60,"21":60,"22":140,"23":60,"24":5,"25":10,"26":10,"27":10,"28":1,"29":10,"30":20,"31":10,"32":10,"33":12,"34":12,"35":12,"36":1,"37":1,"38":10,"39":1,"40":10,"41":10,"42":1,"43":10,"44":5,"45":9,"46":10,"47":0,"48":0,"49":1,"50":2,"51":2,"52":2,"53":0,"54":0,"55":1,"56":4,"57":4,"58":4,"59":4,"60":0,"61":0,"62":1,"63":0,"64":0,"65":0,"66":0,"67":0,"68":0,"69":0,"70":0,"71":0,"72":0,"73":0,"74":0,"75":0,"76":1},"f":{"0":15,"1":100,"2":140,"3":10,"4":20,"5":9,"6":2,"7":4,"8":0},"b":{"0":[5,10],"1":[15,14,14,13,11,11,11,10],"2":[5,55],"3":[60,29,29],"4":[10,10],"5":[1,9],"6":[10,10,10],"7":[12,12,12],"8":[1,11],"9":[12,12,12],"10":[1,9],"11":[10,10,1,1],"12":[1,9],"13":[10,10,1,1],"14":[5,5],"15":[0,0],"16":[0,0],"17":[0,0]},"_coverageSchema":"1a1c01bbd47fc00a2c39e90264f33305004495a9","hash":"5ef6fdb4710e2aa5ac2561b2c41962be653ce6ce"}
}
