TN:
SF:knexfile.js
FNF:0
FNH:0
DA:2,1
LF:1
LH:1
BRF:0
BRH:0
end_of_record
TN:
SF:db\knex.js
FNF:0
FNH:0
DA:1,1
DA:2,1
DA:3,1
LF:3
LH:3
BRF:0
BRH:0
end_of_record
TN:
SF:middleware\auth.js
FN:5,(anonymous_0)
FNF:1
FNH:1
FNDA:28,(anonymous_0)
DA:1,1
DA:2,1
DA:3,1
DA:5,1
DA:6,28
DA:7,28
DA:8,3
DA:11,25
DA:12,25
DA:13,25
DA:15,24
DA:16,24
DA:18,24
DA:20,1
DA:21,1
LF:15
LH:15
BRDA:3,0,0,1
BRDA:3,0,1,0
BRDA:7,1,0,3
BRDA:7,1,1,25
BRDA:7,2,0,28
BRDA:7,2,1,25
BRF:6
BRH:5
end_of_record
TN:
SF:routes\auth.js
FN:12,(anonymous_0)
FN:45,(anonymous_1)
FN:89,(anonymous_2)
FNF:3
FNH:3
FNDA:3,(anonymous_0)
FNDA:3,(anonymous_1)
FNDA:3,(anonymous_2)
DA:1,1
DA:2,1
DA:3,1
DA:4,1
DA:5,1
DA:6,1
DA:7,1
DA:9,1
DA:12,1
DA:13,3
DA:14,3
DA:16,3
DA:17,0
DA:19,3
DA:20,1
DA:23,2
DA:24,2
DA:25,2
DA:26,1
DA:29,1
DA:30,1
DA:37,1
DA:39,0
DA:40,0
DA:45,1
DA:46,3
DA:47,3
DA:49,3
DA:50,0
DA:53,3
DA:54,3
DA:62,3
DA:63,3
DA:64,1
DA:67,2
DA:68,2
DA:69,1
DA:72,1
DA:78,1
DA:80,0
DA:81,0
DA:86,1
DA:90,3
DA:91,3
DA:95,1
LF:45
LH:39
BRDA:9,0,0,1
BRDA:9,0,1,0
BRDA:16,1,0,0
BRDA:16,1,1,3
BRDA:16,2,0,3
BRDA:16,2,1,3
BRDA:16,2,2,3
BRDA:16,2,3,3
BRDA:19,3,0,1
BRDA:19,3,1,2
BRDA:19,4,0,3
BRDA:19,4,1,2
BRDA:25,5,0,1
BRDA:25,5,1,1
BRDA:49,6,0,0
BRDA:49,6,1,3
BRDA:49,7,0,3
BRDA:49,7,1,3
BRDA:63,8,0,1
BRDA:63,8,1,2
BRDA:68,9,0,1
BRDA:68,9,1,1
BRF:22
BRH:19
end_of_record
TN:
SF:routes\progress.js
FN:7,(anonymous_0)
FN:40,(anonymous_1)
FN:46,(anonymous_2)
FN:55,(anonymous_3)
FN:64,(anonymous_4)
FN:100,(anonymous_5)
FN:115,(anonymous_6)
FN:128,(anonymous_7)
FN:162,(anonymous_8)
FNF:9
FNH:8
FNDA:15,(anonymous_0)
FNDA:100,(anonymous_1)
FNDA:140,(anonymous_2)
FNDA:10,(anonymous_3)
FNDA:20,(anonymous_4)
FNDA:9,(anonymous_5)
FNDA:2,(anonymous_6)
FNDA:4,(anonymous_7)
FNDA:0,(anonymous_8)
DA:1,1
DA:2,1
DA:3,1
DA:4,1
DA:7,1
DA:8,15
DA:9,15
DA:12,15
DA:17,5
DA:20,10
DA:21,10
DA:30,10
DA:34,10
DA:37,10
DA:39,10
DA:40,100
DA:42,10
DA:44,10
DA:45,60
DA:46,140
DA:47,60
DA:48,5
DA:55,10
DA:56,10
DA:57,1
DA:63,10
DA:64,20
DA:66,10
DA:67,12
DA:68,12
DA:69,12
DA:70,1
DA:74,1
DA:78,10
DA:79,1
DA:85,10
DA:86,10
DA:92,1
DA:98,10
DA:99,5
DA:100,9
DA:107,10
DA:109,0
DA:110,0
DA:115,1
DA:116,2
DA:117,2
DA:120,2
DA:122,0
DA:123,0
DA:128,1
DA:129,4
DA:130,4
DA:137,4
DA:154,4
DA:156,0
DA:157,0
DA:162,1
DA:163,0
DA:164,0
DA:166,0
DA:167,0
DA:168,0
DA:170,0
DA:174,0
DA:175,0
DA:182,0
DA:184,0
DA:185,0
DA:189,1
LF:70
LH:53
BRDA:12,0,0,5
BRDA:12,0,1,10
BRDA:13,1,0,15
BRDA:13,1,1,14
BRDA:13,1,2,14
BRDA:13,1,3,13
BRDA:13,1,4,11
BRDA:13,1,5,11
BRDA:13,1,6,11
BRDA:13,1,7,10
BRDA:47,2,0,5
BRDA:47,2,1,55
BRDA:47,3,0,60
BRDA:47,3,1,29
BRDA:47,3,2,29
BRDA:55,4,0,10
BRDA:55,4,1,10
BRDA:56,5,0,1
BRDA:56,5,1,9
BRDA:56,6,0,10
BRDA:56,6,1,10
BRDA:56,6,2,10
BRDA:68,7,0,12
BRDA:68,7,1,12
BRDA:68,7,2,12
BRDA:69,8,0,1
BRDA:69,8,1,11
BRDA:69,9,0,12
BRDA:69,9,1,12
BRDA:69,9,2,12
BRDA:78,10,0,1
BRDA:78,10,1,9
BRDA:78,11,0,10
BRDA:78,11,1,10
BRDA:78,11,2,1
BRDA:78,11,3,1
BRDA:86,12,0,1
BRDA:86,12,1,9
BRDA:87,13,0,10
BRDA:87,13,1,10
BRDA:87,13,2,1
BRDA:87,13,3,1
BRDA:98,14,0,5
BRDA:98,14,1,5
BRDA:164,15,0,0
BRDA:164,15,1,0
BRDA:168,16,0,0
BRDA:168,16,1,0
BRDA:174,17,0,0
BRDA:174,17,1,0
BRF:50
BRH:44
end_of_record
